0 info it worked if it ends with ok
1 verbose cli [ '/Users/bdougie/.nvm/versions/node/v6.8.0/bin/node',
1 verbose cli   '/Users/bdougie/.nvm/versions/node/v6.8.0/bin/npm',
1 verbose cli   'start' ]
2 info using npm@4.0.3
3 info using node@v6.8.0
4 verbose run-script [ 'prestart', 'start', 'poststart' ]
5 info lifecycle victor-hugo@1.0.0~prestart: victor-hugo@1.0.0
6 silly lifecycle victor-hugo@1.0.0~prestart: no script for prestart, continuing
7 info lifecycle victor-hugo@1.0.0~start: victor-hugo@1.0.0
8 verbose lifecycle victor-hugo@1.0.0~start: unsafe-perm in lifecycle true
9 verbose lifecycle victor-hugo@1.0.0~start: PATH: /Users/bdougie/.nvm/versions/node/v6.8.0/lib/node_modules/npm/bin/node-gyp-bin:/Users/bdougie/Netlify/casper-cms-template/node_modules/.bin:/Users/bdougie/.rvm/gems/ruby-2.1.7/bin:/Users/bdougie/.rvm/gems/ruby-2.1.7@global/bin:/Users/bdougie/.rvm/rubies/ruby-2.1.7/bin:/Users/bdougie/.nvm/versions/node/v6.8.0/bin:./node_modules/.bin:/usr/local/sbin/:/Users/bdougie/phabricator/arcanist/bin/:/Users/bdougie/phabricator/libphutil/bin/:/usr/local/bin:/usr/bin:/bin:/usr/sbin:/sbin:/usr/local/go/bin:/Users/bdougie/go/bin:/Users/bdougie/jigs/bin:/Users/bdougie/Library/Android/sdk/tools:/Users/bdougie/Library/Android/sdk/platform-tools:/Users/bdougie/.rvm/bin
10 verbose lifecycle victor-hugo@1.0.0~start: CWD: /Users/bdougie/Netlify/casper-cms-template
11 silly lifecycle victor-hugo@1.0.0~start: Args: [ '-c', 'gulp server' ]
12 silly lifecycle victor-hugo@1.0.0~start: Returned: code: 1  signal: null
13 info lifecycle victor-hugo@1.0.0~start: Failed to exec start script
14 verbose stack Error: victor-hugo@1.0.0 start: `gulp server`
14 verbose stack Exit status 1
14 verbose stack     at EventEmitter.<anonymous> (/Users/bdougie/.nvm/versions/node/v6.8.0/lib/node_modules/npm/lib/utils/lifecycle.js:279:16)
14 verbose stack     at emitTwo (events.js:106:13)
14 verbose stack     at EventEmitter.emit (events.js:191:7)
14 verbose stack     at ChildProcess.<anonymous> (/Users/bdougie/.nvm/versions/node/v6.8.0/lib/node_modules/npm/lib/utils/spawn.js:40:14)
14 verbose stack     at emitTwo (events.js:106:13)
14 verbose stack     at ChildProcess.emit (events.js:191:7)
14 verbose stack     at maybeClose (internal/child_process.js:877:16)
14 verbose stack     at Process.ChildProcess._handle.onexit (internal/child_process.js:226:5)
15 verbose pkgid victor-hugo@1.0.0
16 verbose cwd /Users/bdougie/Netlify/casper-cms-template/site/themes
17 error Darwin 15.6.0
18 error argv "/Users/bdougie/.nvm/versions/node/v6.8.0/bin/node" "/Users/bdougie/.nvm/versions/node/v6.8.0/bin/npm" "start"
19 error node v6.8.0
20 error npm  v4.0.3
21 error code ELIFECYCLE
22 error victor-hugo@1.0.0 start: `gulp server`
22 error Exit status 1
23 error Failed at the victor-hugo@1.0.0 start script 'gulp server'.
23 error Make sure you have the latest version of node.js and npm installed.
23 error If you do, this is most likely a problem with the victor-hugo package,
23 error not with npm itself.
23 error Tell the author that this fails on your system:
23 error     gulp server
23 error You can get information on how to open an issue for this project with:
23 error     npm bugs victor-hugo
23 error Or if that isn't available, you can get their info via:
23 error     npm owner ls victor-hugo
23 error There is likely additional logging output above.
24 verbose exit [ 1, true ]
